<?xml version="1.0" encoding="UTF-8"?>
<TestRun id="39d892c8-649a-4935-bbb6-7d6c387fb0ba" name="CHANTADAM@TPHP3179 2019-03-26 14:30:36" runUser="TASA\CHANTADAM" xmlns="http://microsoft.com/schemas/VisualStudio/TeamTest/2010">
  <TestSettings name="Local" id="3b4d004d-75d2-4421-8fbb-eaeeedd0c141">
    <Description>These are default test settings for a local test run.</Description>
    <Deployment enabled="false" runDeploymentRoot="CHANTADAM_TPHP3179 2019-03-26 14_30_36">
      <DeploymentItem filename="C:\Users\chantadam\documents\visual studio 2010\Projects\curso.net\curso.net\bin\Debug\curso.net.exe" />
    </Deployment>
    <Execution>
      <TestTypeSpecific />
      <AgentRule name="Execution Agents">
      </AgentRule>
    </Execution>
  </TestSettings>
  <Times creation="2019-03-26T14:30:36.1199199-03:00" queuing="2019-03-26T14:30:36.1379199-03:00" start="2019-03-26T14:30:36.2359199-03:00" finish="2019-03-26T14:30:37.1399199-03:00" />
  <ResultSummary outcome="Failed">
    <Counters total="1" executed="1" error="0" failed="1" timeout="0" aborted="0" inconclusive="0" passedButRunAborted="0" notRunnable="0" notExecuted="0" disconnected="0" warning="0" passed="0" completed="0" inProgress="0" pending="0" />
  </ResultSummary>
  <TestDefinitions>
    <UnitTest name="cargarNaftaDeMasThrows" storage="c:\users\chantadam\documents\visual studio 2010\projects\curso.net\testproject1\bin\debug\testproject1.dll" id="b20fd6cb-b0b2-4a4b-c2cd-623ac8b5cc1d">
      <Execution id="4f95ca55-eb70-4bb0-8649-2af2e630fd8f" />
      <TestMethod codeBase="C:/Users/chantadam/Documents/Visual Studio 2010/Projects/curso.net/TestProject1/bin/Debug/TestProject1.DLL" adapterTypeName="Microsoft.VisualStudio.TestTools.TestTypes.Unit.UnitTestAdapter, Microsoft.VisualStudio.QualityTools.Tips.UnitTest.Adapter, Version=10.0.0.0, Culture=neutral, PublicKeyToken=b03f5f7f11d50a3a" className="TestProject1.carTest, TestProject1, Version=1.0.0.0, Culture=neutral, PublicKeyToken=null" name="cargarNaftaDeMasThrows" />
    </UnitTest>
  </TestDefinitions>
  <TestLists>
    <TestList name="Results Not in a List" id="8c84fa94-04c1-424b-9868-57a2d4851a1d" />
    <TestList name="All Loaded Results" id="19431567-8539-422a-85d7-44ee4e166bda" />
  </TestLists>
  <TestEntries>
    <TestEntry testId="b20fd6cb-b0b2-4a4b-c2cd-623ac8b5cc1d" executionId="4f95ca55-eb70-4bb0-8649-2af2e630fd8f" testListId="8c84fa94-04c1-424b-9868-57a2d4851a1d" />
  </TestEntries>
  <Results>
    <UnitTestResult executionId="4f95ca55-eb70-4bb0-8649-2af2e630fd8f" testId="b20fd6cb-b0b2-4a4b-c2cd-623ac8b5cc1d" testName="cargarNaftaDeMasThrows" computerName="TPHP3179" duration="00:00:00.4214328" startTime="2019-03-26T14:30:36.2559199-03:00" endTime="2019-03-26T14:30:36.9599199-03:00" testType="13cdc9d9-ddb5-4fa4-a97d-d965ccfc6d4b" outcome="Failed" testListId="8c84fa94-04c1-424b-9868-57a2d4851a1d" relativeResultsDirectory="4f95ca55-eb70-4bb0-8649-2af2e630fd8f">
      <Output>
        <ErrorInfo>
          <Message>Test method TestProject1.carTest.cargarNaftaDeMasThrows did not throw expected exception System.ArgumentException. La cantidad de litros a cargar excede la capacidad del auto.</Message>
        </ErrorInfo>
      </Output>
    </UnitTestResult>
  </Results>
</TestRun>