<?xml version="1.0" encoding="UTF-8"?>
<TestRun id="6dcfff73-4e04-488d-b65c-d510eb7e0bbe" name="CHANTADAM@TPHP3179 2019-03-26 15:24:50" runUser="TASA\CHANTADAM" xmlns="http://microsoft.com/schemas/VisualStudio/TeamTest/2010">
  <TestSettings name="Local" id="3b4d004d-75d2-4421-8fbb-eaeeedd0c141">
    <Description>These are default test settings for a local test run.</Description>
    <Deployment enabled="false" runDeploymentRoot="CHANTADAM_TPHP3179 2019-03-26 15_24_50">
      <DeploymentItem filename="C:\Users\chantadam\documents\visual studio 2010\Projects\curso.net\curso.net\bin\Debug\curso.net.exe" />
    </Deployment>
    <Execution>
      <TestTypeSpecific />
      <AgentRule name="Execution Agents">
      </AgentRule>
    </Execution>
  </TestSettings>
  <Times creation="2019-03-26T15:24:50.2511959-03:00" queuing="2019-03-26T15:24:50.2851993-03:00" start="2019-03-26T15:24:50.2992007-03:00" finish="2019-03-26T15:24:51.6783386-03:00" />
  <ResultSummary outcome="Failed">
    <Counters total="4" executed="4" passed="3" error="0" failed="1" timeout="0" aborted="0" inconclusive="0" passedButRunAborted="0" notRunnable="0" notExecuted="0" disconnected="0" warning="0" completed="0" inProgress="0" pending="0" />
  </ResultSummary>
  <TestDefinitions>
    <UnitTest name="testLuces" storage="c:\users\chantadam\documents\visual studio 2010\projects\curso.net\testproject1\bin\debug\testproject1.dll" id="a0843eeb-a94a-647e-0857-4d1386a0b557">
      <Execution id="9a76625a-884f-40f1-ac94-f212ef2667a9" />
      <TestMethod codeBase="C:/Users/chantadam/Documents/Visual Studio 2010/Projects/curso.net/TestProject1/bin/Debug/TestProject1.DLL" adapterTypeName="Microsoft.VisualStudio.TestTools.TestTypes.Unit.UnitTestAdapter, Microsoft.VisualStudio.QualityTools.Tips.UnitTest.Adapter, Version=10.0.0.0, Culture=neutral, PublicKeyToken=b03f5f7f11d50a3a" className="TestProject1.carTest, TestProject1, Version=1.0.0.0, Culture=neutral, PublicKeyToken=null" name="testLuces" />
    </UnitTest>
    <UnitTest name="getAutonomia" storage="c:\users\chantadam\documents\visual studio 2010\projects\curso.net\testproject1\bin\debug\testproject1.dll" id="a34f580d-dbf6-63bd-cd9c-fb5267ebf165">
      <Execution id="2872b467-b1f4-4a5e-afb8-11fe94cdf1d9" />
      <TestMethod codeBase="C:/Users/chantadam/Documents/Visual Studio 2010/Projects/curso.net/TestProject1/bin/Debug/TestProject1.DLL" adapterTypeName="Microsoft.VisualStudio.TestTools.TestTypes.Unit.UnitTestAdapter, Microsoft.VisualStudio.QualityTools.Tips.UnitTest.Adapter, Version=10.0.0.0, Culture=neutral, PublicKeyToken=b03f5f7f11d50a3a" className="TestProject1.carTest, TestProject1, Version=1.0.0.0, Culture=neutral, PublicKeyToken=null" name="getAutonomia" />
    </UnitTest>
    <UnitTest name="cargarNaftaDeMasThrows" storage="c:\users\chantadam\documents\visual studio 2010\projects\curso.net\testproject1\bin\debug\testproject1.dll" id="b20fd6cb-b0b2-4a4b-c2cd-623ac8b5cc1d">
      <Execution id="f58984f5-a4e4-414d-a600-9ad595e1f16e" />
      <TestMethod codeBase="C:/Users/chantadam/Documents/Visual Studio 2010/Projects/curso.net/TestProject1/bin/Debug/TestProject1.DLL" adapterTypeName="Microsoft.VisualStudio.TestTools.TestTypes.Unit.UnitTestAdapter, Microsoft.VisualStudio.QualityTools.Tips.UnitTest.Adapter, Version=10.0.0.0, Culture=neutral, PublicKeyToken=b03f5f7f11d50a3a" className="TestProject1.carTest, TestProject1, Version=1.0.0.0, Culture=neutral, PublicKeyToken=null" name="cargarNaftaDeMasThrows" />
    </UnitTest>
    <UnitTest name="testMotorCreation" storage="c:\users\chantadam\documents\visual studio 2010\projects\curso.net\testproject1\bin\debug\testproject1.dll" id="ba4dab6f-0296-5a1b-03e3-8ae5426fd076">
      <Execution id="820dd6d0-5584-45b6-a112-da89de5c4fa3" />
      <TestMethod codeBase="C:/Users/chantadam/Documents/Visual Studio 2010/Projects/curso.net/TestProject1/bin/Debug/TestProject1.DLL" adapterTypeName="Microsoft.VisualStudio.TestTools.TestTypes.Unit.UnitTestAdapter, Microsoft.VisualStudio.QualityTools.Tips.UnitTest.Adapter, Version=10.0.0.0, Culture=neutral, PublicKeyToken=b03f5f7f11d50a3a" className="TestProject1.motorTest, TestProject1, Version=1.0.0.0, Culture=neutral, PublicKeyToken=null" name="testMotorCreation" />
    </UnitTest>
  </TestDefinitions>
  <TestLists>
    <TestList name="Results Not in a List" id="8c84fa94-04c1-424b-9868-57a2d4851a1d" />
    <TestList name="All Loaded Results" id="19431567-8539-422a-85d7-44ee4e166bda" />
  </TestLists>
  <TestEntries>
    <TestEntry testId="a0843eeb-a94a-647e-0857-4d1386a0b557" executionId="9a76625a-884f-40f1-ac94-f212ef2667a9" testListId="8c84fa94-04c1-424b-9868-57a2d4851a1d" />
    <TestEntry testId="a34f580d-dbf6-63bd-cd9c-fb5267ebf165" executionId="2872b467-b1f4-4a5e-afb8-11fe94cdf1d9" testListId="8c84fa94-04c1-424b-9868-57a2d4851a1d" />
    <TestEntry testId="b20fd6cb-b0b2-4a4b-c2cd-623ac8b5cc1d" executionId="f58984f5-a4e4-414d-a600-9ad595e1f16e" testListId="8c84fa94-04c1-424b-9868-57a2d4851a1d" />
    <TestEntry testId="ba4dab6f-0296-5a1b-03e3-8ae5426fd076" executionId="820dd6d0-5584-45b6-a112-da89de5c4fa3" testListId="8c84fa94-04c1-424b-9868-57a2d4851a1d" />
  </TestEntries>
  <Results>
    <UnitTestResult executionId="9a76625a-884f-40f1-ac94-f212ef2667a9" testId="a0843eeb-a94a-647e-0857-4d1386a0b557" testName="testLuces" computerName="TPHP3179" duration="00:00:00.6028229" startTime="2019-03-26T15:24:50.3342042-03:00" endTime="2019-03-26T15:24:51.3293037-03:00" testType="13cdc9d9-ddb5-4fa4-a97d-d965ccfc6d4b" outcome="Failed" testListId="8c84fa94-04c1-424b-9868-57a2d4851a1d" relativeResultsDirectory="9a76625a-884f-40f1-ac94-f212ef2667a9">
      <Output>
        <ErrorInfo>
          <Message>Assert.IsTrue failed. </Message>
          <StackTrace>   en TestProject1.carTest.testLuces() en C:\Users\chantadam\Documents\Visual Studio 2010\Projects\curso.net\TestProject1\carTest.cs:línea 26
</StackTrace>
        </ErrorInfo>
      </Output>
    </UnitTestResult>
    <UnitTestResult executionId="2872b467-b1f4-4a5e-afb8-11fe94cdf1d9" testId="a34f580d-dbf6-63bd-cd9c-fb5267ebf165" testName="getAutonomia" computerName="TPHP3179" duration="00:00:00.0198559" startTime="2019-03-26T15:24:51.3393047-03:00" endTime="2019-03-26T15:24:51.4333141-03:00" testType="13cdc9d9-ddb5-4fa4-a97d-d965ccfc6d4b" outcome="Passed" testListId="8c84fa94-04c1-424b-9868-57a2d4851a1d" relativeResultsDirectory="2872b467-b1f4-4a5e-afb8-11fe94cdf1d9">
    </UnitTestResult>
    <UnitTestResult executionId="f58984f5-a4e4-414d-a600-9ad595e1f16e" testId="b20fd6cb-b0b2-4a4b-c2cd-623ac8b5cc1d" testName="cargarNaftaDeMasThrows" computerName="TPHP3179" duration="00:00:00.0025229" startTime="2019-03-26T15:24:51.4623170-03:00" endTime="2019-03-26T15:24:51.5053213-03:00" testType="13cdc9d9-ddb5-4fa4-a97d-d965ccfc6d4b" outcome="Passed" testListId="8c84fa94-04c1-424b-9868-57a2d4851a1d" relativeResultsDirectory="f58984f5-a4e4-414d-a600-9ad595e1f16e">
    </UnitTestResult>
    <UnitTestResult executionId="820dd6d0-5584-45b6-a112-da89de5c4fa3" testId="ba4dab6f-0296-5a1b-03e3-8ae5426fd076" testName="testMotorCreation" computerName="TPHP3179" duration="00:00:00.0002227" startTime="2019-03-26T15:24:51.5083216-03:00" endTime="2019-03-26T15:24:51.5863294-03:00" testType="13cdc9d9-ddb5-4fa4-a97d-d965ccfc6d4b" outcome="Passed" testListId="8c84fa94-04c1-424b-9868-57a2d4851a1d" relativeResultsDirectory="820dd6d0-5584-45b6-a112-da89de5c4fa3">
    </UnitTestResult>
  </Results>
</TestRun>