<?xml version="1.0" encoding="UTF-8"?>
<TestRun id="a002b893-8d26-4044-a318-9ed6076defcd" name="CHANTADAM@TPHP3179 2019-03-19 15:01:49" runUser="TASA\CHANTADAM" xmlns="http://microsoft.com/schemas/VisualStudio/TeamTest/2010">
  <TestSettings name="Local" id="3b4d004d-75d2-4421-8fbb-eaeeedd0c141">
    <Description>These are default test settings for a local test run.</Description>
    <Deployment enabled="false" runDeploymentRoot="CHANTADAM_TPHP3179 2019-03-19 15_01_49">
      <DeploymentItem filename="c:\users\chantadam\documents\visual studio 2010\Projects\curso.net\curso.net\bin\Debug\curso.net.exe" />
    </Deployment>
    <Execution>
      <TestTypeSpecific />
      <AgentRule name="Execution Agents">
      </AgentRule>
    </Execution>
  </TestSettings>
  <Times creation="2019-03-19T15:01:49.1362184-03:00" queuing="2019-03-19T15:01:49.2622436-03:00" start="2019-03-19T15:01:49.2882488-03:00" finish="2019-03-19T15:01:49.7263364-03:00" />
  <ResultSummary outcome="Completed">
    <Counters total="2" executed="2" passed="2" error="0" failed="0" timeout="0" aborted="0" inconclusive="0" passedButRunAborted="0" notRunnable="0" notExecuted="0" disconnected="0" warning="0" completed="0" inProgress="0" pending="0" />
  </ResultSummary>
  <TestDefinitions>
    <UnitTest name="TestInitialize" storage="c:\users\chantadam\documents\visual studio 2010\projects\curso.net\testproject1\bin\debug\testproject1.dll" id="575fd2e8-c44e-f49f-9f4a-45d5179edfe6">
      <Execution id="95f68d6f-4547-4d5e-9a59-8f5bf77959bc" />
      <TestMethod codeBase="c:/users/chantadam/documents/visual studio 2010/Projects/curso.net/TestProject1/bin/Debug/TestProject1.DLL" adapterTypeName="Microsoft.VisualStudio.TestTools.TestTypes.Unit.UnitTestAdapter, Microsoft.VisualStudio.QualityTools.Tips.UnitTest.Adapter, Version=10.0.0.0, Culture=neutral, PublicKeyToken=b03f5f7f11d50a3a" className="TestProject1.motorTest, TestProject1, Version=1.0.0.0, Culture=neutral, PublicKeyToken=null" name="TestInitialize" />
    </UnitTest>
    <UnitTest name="TestMethod1" storage="c:\users\chantadam\documents\visual studio 2010\projects\curso.net\testproject1\bin\debug\testproject1.dll" id="c0a63308-6fa4-3ebf-9f94-72ecf8f98469">
      <Execution id="7f4ac04f-d31d-4afc-911b-04596a2d1ce5" />
      <TestMethod codeBase="c:/users/chantadam/documents/visual studio 2010/Projects/curso.net/TestProject1/bin/Debug/TestProject1.DLL" adapterTypeName="Microsoft.VisualStudio.TestTools.TestTypes.Unit.UnitTestAdapter, Microsoft.VisualStudio.QualityTools.Tips.UnitTest.Adapter, Version=10.0.0.0, Culture=neutral, PublicKeyToken=b03f5f7f11d50a3a" className="TestProject1.carTest, TestProject1, Version=1.0.0.0, Culture=neutral, PublicKeyToken=null" name="TestMethod1" />
    </UnitTest>
  </TestDefinitions>
  <TestLists>
    <TestList name="Results Not in a List" id="8c84fa94-04c1-424b-9868-57a2d4851a1d" />
    <TestList name="All Loaded Results" id="19431567-8539-422a-85d7-44ee4e166bda" />
  </TestLists>
  <TestEntries>
    <TestEntry testId="575fd2e8-c44e-f49f-9f4a-45d5179edfe6" executionId="95f68d6f-4547-4d5e-9a59-8f5bf77959bc" testListId="8c84fa94-04c1-424b-9868-57a2d4851a1d" />
    <TestEntry testId="c0a63308-6fa4-3ebf-9f94-72ecf8f98469" executionId="7f4ac04f-d31d-4afc-911b-04596a2d1ce5" testListId="8c84fa94-04c1-424b-9868-57a2d4851a1d" />
  </TestEntries>
  <Results>
    <UnitTestResult executionId="95f68d6f-4547-4d5e-9a59-8f5bf77959bc" testId="575fd2e8-c44e-f49f-9f4a-45d5179edfe6" testName="TestInitialize" computerName="TPHP3179" duration="00:00:00.0968672" startTime="2019-03-19T15:01:49.3122536-03:00" endTime="2019-03-19T15:01:49.6883288-03:00" testType="13cdc9d9-ddb5-4fa4-a97d-d965ccfc6d4b" outcome="Passed" testListId="8c84fa94-04c1-424b-9868-57a2d4851a1d" relativeResultsDirectory="95f68d6f-4547-4d5e-9a59-8f5bf77959bc">
    </UnitTestResult>
    <UnitTestResult executionId="7f4ac04f-d31d-4afc-911b-04596a2d1ce5" testId="c0a63308-6fa4-3ebf-9f94-72ecf8f98469" testName="TestMethod1" computerName="TPHP3179" duration="00:00:00.0001502" startTime="2019-03-19T15:01:49.6913294-03:00" endTime="2019-03-19T15:01:49.6963304-03:00" testType="13cdc9d9-ddb5-4fa4-a97d-d965ccfc6d4b" outcome="Passed" testListId="8c84fa94-04c1-424b-9868-57a2d4851a1d" relativeResultsDirectory="7f4ac04f-d31d-4afc-911b-04596a2d1ce5">
    </UnitTestResult>
  </Results>
</TestRun>