<?xml version="1.0" encoding="UTF-8"?>
<TestRun id="d4633bce-8c20-4aa0-8e46-198b2315faa1" name="CHANTADAM@TPHP3179 2019-03-19 15:04:20" runUser="TASA\CHANTADAM" xmlns="http://microsoft.com/schemas/VisualStudio/TeamTest/2010">
  <TestSettings name="Local" id="3b4d004d-75d2-4421-8fbb-eaeeedd0c141">
    <Description>These are default test settings for a local test run.</Description>
    <Deployment enabled="false" runDeploymentRoot="CHANTADAM_TPHP3179 2019-03-19 15_04_20">
      <DeploymentItem filename="c:\users\chantadam\documents\visual studio 2010\Projects\curso.net\curso.net\bin\Debug\curso.net.exe" />
    </Deployment>
    <Execution>
      <TestTypeSpecific />
      <AgentRule name="Execution Agents">
      </AgentRule>
    </Execution>
  </TestSettings>
  <Times creation="2019-03-19T15:04:20.2516964-03:00" queuing="2019-03-19T15:04:20.2626975-03:00" start="2019-03-19T15:04:20.3307043-03:00" finish="2019-03-19T15:04:20.6007313-03:00" />
  <ResultSummary outcome="Completed">
    <Counters total="1" executed="1" passed="1" error="0" failed="0" timeout="0" aborted="0" inconclusive="0" passedButRunAborted="0" notRunnable="0" notExecuted="0" disconnected="0" warning="0" completed="0" inProgress="0" pending="0" />
  </ResultSummary>
  <TestDefinitions>
    <UnitTest name="TestMethod1" storage="c:\users\chantadam\documents\visual studio 2010\projects\curso.net\testproject1\bin\debug\testproject1.dll" id="c0a63308-6fa4-3ebf-9f94-72ecf8f98469">
      <Execution id="f47bb5c1-d0ef-42ca-ba35-9cba6fc6b850" />
      <TestMethod codeBase="c:/users/chantadam/documents/visual studio 2010/Projects/curso.net/TestProject1/bin/Debug/TestProject1.DLL" adapterTypeName="Microsoft.VisualStudio.TestTools.TestTypes.Unit.UnitTestAdapter, Microsoft.VisualStudio.QualityTools.Tips.UnitTest.Adapter, Version=10.0.0.0, Culture=neutral, PublicKeyToken=b03f5f7f11d50a3a" className="TestProject1.carTest, TestProject1, Version=1.0.0.0, Culture=neutral, PublicKeyToken=null" name="TestMethod1" />
    </UnitTest>
  </TestDefinitions>
  <TestLists>
    <TestList name="Results Not in a List" id="8c84fa94-04c1-424b-9868-57a2d4851a1d" />
    <TestList name="All Loaded Results" id="19431567-8539-422a-85d7-44ee4e166bda" />
  </TestLists>
  <TestEntries>
    <TestEntry testId="c0a63308-6fa4-3ebf-9f94-72ecf8f98469" executionId="f47bb5c1-d0ef-42ca-ba35-9cba6fc6b850" testListId="8c84fa94-04c1-424b-9868-57a2d4851a1d" />
  </TestEntries>
  <Results>
    <UnitTestResult executionId="f47bb5c1-d0ef-42ca-ba35-9cba6fc6b850" testId="c0a63308-6fa4-3ebf-9f94-72ecf8f98469" testName="TestMethod1" computerName="TPHP3179" duration="00:00:00.0116449" startTime="2019-03-19T15:04:20.3387051-03:00" endTime="2019-03-19T15:04:20.5877300-03:00" testType="13cdc9d9-ddb5-4fa4-a97d-d965ccfc6d4b" outcome="Passed" testListId="8c84fa94-04c1-424b-9868-57a2d4851a1d" relativeResultsDirectory="f47bb5c1-d0ef-42ca-ba35-9cba6fc6b850">
    </UnitTestResult>
  </Results>
</TestRun>