<?xml version="1.0" encoding="UTF-8"?>
<TestRun id="c8120de8-cc38-4f30-bef8-3e6fb319359b" name="CHANTADAM@TPHP3179 2019-03-26 15:25:19" runUser="TASA\CHANTADAM" xmlns="http://microsoft.com/schemas/VisualStudio/TeamTest/2010">
  <TestSettings name="Local" id="3b4d004d-75d2-4421-8fbb-eaeeedd0c141">
    <Description>These are default test settings for a local test run.</Description>
    <Deployment enabled="false" runDeploymentRoot="CHANTADAM_TPHP3179 2019-03-26 15_25_19">
      <DeploymentItem filename="C:\Users\chantadam\documents\visual studio 2010\Projects\curso.net\curso.net\bin\Debug\curso.net.exe" />
    </Deployment>
    <Execution>
      <TestTypeSpecific />
      <AgentRule name="Execution Agents">
      </AgentRule>
    </Execution>
  </TestSettings>
  <Times creation="2019-03-26T15:25:19.7621467-03:00" queuing="2019-03-26T15:25:19.7761481-03:00" start="2019-03-26T15:25:19.8201525-03:00" finish="2019-03-26T15:25:20.5182223-03:00" />
  <ResultSummary outcome="Completed">
    <Counters total="4" executed="4" passed="4" error="0" failed="0" timeout="0" aborted="0" inconclusive="0" passedButRunAborted="0" notRunnable="0" notExecuted="0" disconnected="0" warning="0" completed="0" inProgress="0" pending="0" />
  </ResultSummary>
  <TestDefinitions>
    <UnitTest name="testLuces" storage="c:\users\chantadam\documents\visual studio 2010\projects\curso.net\testproject1\bin\debug\testproject1.dll" id="a0843eeb-a94a-647e-0857-4d1386a0b557">
      <Execution id="559b6c32-2d5c-432d-b2e5-7120dee7dcc1" />
      <TestMethod codeBase="C:/Users/chantadam/Documents/Visual Studio 2010/Projects/curso.net/TestProject1/bin/Debug/TestProject1.DLL" adapterTypeName="Microsoft.VisualStudio.TestTools.TestTypes.Unit.UnitTestAdapter, Microsoft.VisualStudio.QualityTools.Tips.UnitTest.Adapter, Version=10.0.0.0, Culture=neutral, PublicKeyToken=b03f5f7f11d50a3a" className="TestProject1.carTest, TestProject1, Version=1.0.0.0, Culture=neutral, PublicKeyToken=null" name="testLuces" />
    </UnitTest>
    <UnitTest name="getAutonomia" storage="c:\users\chantadam\documents\visual studio 2010\projects\curso.net\testproject1\bin\debug\testproject1.dll" id="a34f580d-dbf6-63bd-cd9c-fb5267ebf165">
      <Execution id="96197c5b-21c3-42e3-b0aa-75a600e271dd" />
      <TestMethod codeBase="C:/Users/chantadam/Documents/Visual Studio 2010/Projects/curso.net/TestProject1/bin/Debug/TestProject1.DLL" adapterTypeName="Microsoft.VisualStudio.TestTools.TestTypes.Unit.UnitTestAdapter, Microsoft.VisualStudio.QualityTools.Tips.UnitTest.Adapter, Version=10.0.0.0, Culture=neutral, PublicKeyToken=b03f5f7f11d50a3a" className="TestProject1.carTest, TestProject1, Version=1.0.0.0, Culture=neutral, PublicKeyToken=null" name="getAutonomia" />
    </UnitTest>
    <UnitTest name="cargarNaftaDeMasThrows" storage="c:\users\chantadam\documents\visual studio 2010\projects\curso.net\testproject1\bin\debug\testproject1.dll" id="b20fd6cb-b0b2-4a4b-c2cd-623ac8b5cc1d">
      <Execution id="441b4dde-c121-4f29-a06a-b8b5f1fb35f3" />
      <TestMethod codeBase="C:/Users/chantadam/Documents/Visual Studio 2010/Projects/curso.net/TestProject1/bin/Debug/TestProject1.DLL" adapterTypeName="Microsoft.VisualStudio.TestTools.TestTypes.Unit.UnitTestAdapter, Microsoft.VisualStudio.QualityTools.Tips.UnitTest.Adapter, Version=10.0.0.0, Culture=neutral, PublicKeyToken=b03f5f7f11d50a3a" className="TestProject1.carTest, TestProject1, Version=1.0.0.0, Culture=neutral, PublicKeyToken=null" name="cargarNaftaDeMasThrows" />
    </UnitTest>
    <UnitTest name="testMotorCreation" storage="c:\users\chantadam\documents\visual studio 2010\projects\curso.net\testproject1\bin\debug\testproject1.dll" id="ba4dab6f-0296-5a1b-03e3-8ae5426fd076">
      <Execution id="89a3e7c9-afe5-4fd7-8511-ee6916bca891" />
      <TestMethod codeBase="C:/Users/chantadam/Documents/Visual Studio 2010/Projects/curso.net/TestProject1/bin/Debug/TestProject1.DLL" adapterTypeName="Microsoft.VisualStudio.TestTools.TestTypes.Unit.UnitTestAdapter, Microsoft.VisualStudio.QualityTools.Tips.UnitTest.Adapter, Version=10.0.0.0, Culture=neutral, PublicKeyToken=b03f5f7f11d50a3a" className="TestProject1.motorTest, TestProject1, Version=1.0.0.0, Culture=neutral, PublicKeyToken=null" name="testMotorCreation" />
    </UnitTest>
  </TestDefinitions>
  <TestLists>
    <TestList name="Results Not in a List" id="8c84fa94-04c1-424b-9868-57a2d4851a1d" />
    <TestList name="All Loaded Results" id="19431567-8539-422a-85d7-44ee4e166bda" />
  </TestLists>
  <TestEntries>
    <TestEntry testId="a0843eeb-a94a-647e-0857-4d1386a0b557" executionId="559b6c32-2d5c-432d-b2e5-7120dee7dcc1" testListId="8c84fa94-04c1-424b-9868-57a2d4851a1d" />
    <TestEntry testId="a34f580d-dbf6-63bd-cd9c-fb5267ebf165" executionId="96197c5b-21c3-42e3-b0aa-75a600e271dd" testListId="8c84fa94-04c1-424b-9868-57a2d4851a1d" />
    <TestEntry testId="b20fd6cb-b0b2-4a4b-c2cd-623ac8b5cc1d" executionId="441b4dde-c121-4f29-a06a-b8b5f1fb35f3" testListId="8c84fa94-04c1-424b-9868-57a2d4851a1d" />
    <TestEntry testId="ba4dab6f-0296-5a1b-03e3-8ae5426fd076" executionId="89a3e7c9-afe5-4fd7-8511-ee6916bca891" testListId="8c84fa94-04c1-424b-9868-57a2d4851a1d" />
  </TestEntries>
  <Results>
    <UnitTestResult executionId="559b6c32-2d5c-432d-b2e5-7120dee7dcc1" testId="a0843eeb-a94a-647e-0857-4d1386a0b557" testName="testLuces" computerName="TPHP3179" duration="00:00:00.0174815" startTime="2019-03-26T15:25:19.8961601-03:00" endTime="2019-03-26T15:25:20.2771982-03:00" testType="13cdc9d9-ddb5-4fa4-a97d-d965ccfc6d4b" outcome="Passed" testListId="8c84fa94-04c1-424b-9868-57a2d4851a1d" relativeResultsDirectory="559b6c32-2d5c-432d-b2e5-7120dee7dcc1">
    </UnitTestResult>
    <UnitTestResult executionId="96197c5b-21c3-42e3-b0aa-75a600e271dd" testId="a34f580d-dbf6-63bd-cd9c-fb5267ebf165" testName="getAutonomia" computerName="TPHP3179" duration="00:00:00.0009882" startTime="2019-03-26T15:25:20.2982003-03:00" endTime="2019-03-26T15:25:20.3172022-03:00" testType="13cdc9d9-ddb5-4fa4-a97d-d965ccfc6d4b" outcome="Passed" testListId="8c84fa94-04c1-424b-9868-57a2d4851a1d" relativeResultsDirectory="96197c5b-21c3-42e3-b0aa-75a600e271dd">
    </UnitTestResult>
    <UnitTestResult executionId="441b4dde-c121-4f29-a06a-b8b5f1fb35f3" testId="b20fd6cb-b0b2-4a4b-c2cd-623ac8b5cc1d" testName="cargarNaftaDeMasThrows" computerName="TPHP3179" duration="00:00:00.0077833" startTime="2019-03-26T15:25:20.3542059-03:00" endTime="2019-03-26T15:25:20.3662071-03:00" testType="13cdc9d9-ddb5-4fa4-a97d-d965ccfc6d4b" outcome="Passed" testListId="8c84fa94-04c1-424b-9868-57a2d4851a1d" relativeResultsDirectory="441b4dde-c121-4f29-a06a-b8b5f1fb35f3">
    </UnitTestResult>
    <UnitTestResult executionId="89a3e7c9-afe5-4fd7-8511-ee6916bca891" testId="ba4dab6f-0296-5a1b-03e3-8ae5426fd076" testName="testMotorCreation" computerName="TPHP3179" duration="00:00:00.0031597" startTime="2019-03-26T15:25:20.3762081-03:00" endTime="2019-03-26T15:25:20.3902095-03:00" testType="13cdc9d9-ddb5-4fa4-a97d-d965ccfc6d4b" outcome="Passed" testListId="8c84fa94-04c1-424b-9868-57a2d4851a1d" relativeResultsDirectory="89a3e7c9-afe5-4fd7-8511-ee6916bca891">
    </UnitTestResult>
  </Results>
</TestRun>