<?xml version="1.0" encoding="UTF-8"?>
<TestRun id="14c836a5-4b3d-4ed6-a9db-b80462730637" name="CHANTADAM@TPHP3179 2019-03-19 15:38:12" runUser="TASA\CHANTADAM" xmlns="http://microsoft.com/schemas/VisualStudio/TeamTest/2010">
  <TestSettings name="Local" id="3b4d004d-75d2-4421-8fbb-eaeeedd0c141">
    <Description>These are default test settings for a local test run.</Description>
    <Deployment enabled="false" runDeploymentRoot="CHANTADAM_TPHP3179 2019-03-19 15_38_12">
      <DeploymentItem filename="c:\users\chantadam\documents\visual studio 2010\Projects\curso.net\curso.net\bin\Debug\curso.net.exe" />
    </Deployment>
    <Execution>
      <TestTypeSpecific />
      <AgentRule name="Execution Agents">
      </AgentRule>
    </Execution>
  </TestSettings>
  <Times creation="2019-03-19T15:38:12.7328699-03:00" queuing="2019-03-19T15:38:12.7458712-03:00" start="2019-03-19T15:38:12.7628729-03:00" finish="2019-03-19T15:38:13.2099176-03:00" />
  <ResultSummary outcome="Failed">
    <Counters total="2" executed="2" passed="1" error="0" failed="1" timeout="0" aborted="0" inconclusive="0" passedButRunAborted="0" notRunnable="0" notExecuted="0" disconnected="0" warning="0" completed="0" inProgress="0" pending="0" />
  </ResultSummary>
  <TestDefinitions>
    <UnitTest name="testMotorCreation" storage="c:\users\chantadam\documents\visual studio 2010\projects\curso.net\testproject1\bin\debug\testproject1.dll" id="ba4dab6f-0296-5a1b-03e3-8ae5426fd076">
      <Execution id="7d0e0ad1-8450-4f06-9c9f-58790717379a" />
      <TestMethod codeBase="c:/users/chantadam/documents/visual studio 2010/Projects/curso.net/TestProject1/bin/Debug/TestProject1.DLL" adapterTypeName="Microsoft.VisualStudio.TestTools.TestTypes.Unit.UnitTestAdapter, Microsoft.VisualStudio.QualityTools.Tips.UnitTest.Adapter, Version=10.0.0.0, Culture=neutral, PublicKeyToken=b03f5f7f11d50a3a" className="TestProject1.motorTest, TestProject1, Version=1.0.0.0, Culture=neutral, PublicKeyToken=null" name="testMotorCreation" />
    </UnitTest>
    <UnitTest name="getAutonomia" storage="c:\users\chantadam\documents\visual studio 2010\projects\curso.net\testproject1\bin\debug\testproject1.dll" id="a34f580d-dbf6-63bd-cd9c-fb5267ebf165">
      <Execution id="68441d2a-645a-4cb6-853c-5f72843782de" />
      <TestMethod codeBase="c:/users/chantadam/documents/visual studio 2010/Projects/curso.net/TestProject1/bin/Debug/TestProject1.DLL" adapterTypeName="Microsoft.VisualStudio.TestTools.TestTypes.Unit.UnitTestAdapter, Microsoft.VisualStudio.QualityTools.Tips.UnitTest.Adapter, Version=10.0.0.0, Culture=neutral, PublicKeyToken=b03f5f7f11d50a3a" className="TestProject1.carTest, TestProject1, Version=1.0.0.0, Culture=neutral, PublicKeyToken=null" name="getAutonomia" />
    </UnitTest>
  </TestDefinitions>
  <TestLists>
    <TestList name="Results Not in a List" id="8c84fa94-04c1-424b-9868-57a2d4851a1d" />
    <TestList name="All Loaded Results" id="19431567-8539-422a-85d7-44ee4e166bda" />
  </TestLists>
  <TestEntries>
    <TestEntry testId="a34f580d-dbf6-63bd-cd9c-fb5267ebf165" executionId="68441d2a-645a-4cb6-853c-5f72843782de" testListId="8c84fa94-04c1-424b-9868-57a2d4851a1d" />
    <TestEntry testId="ba4dab6f-0296-5a1b-03e3-8ae5426fd076" executionId="7d0e0ad1-8450-4f06-9c9f-58790717379a" testListId="8c84fa94-04c1-424b-9868-57a2d4851a1d" />
  </TestEntries>
  <Results>
    <UnitTestResult executionId="68441d2a-645a-4cb6-853c-5f72843782de" testId="a34f580d-dbf6-63bd-cd9c-fb5267ebf165" testName="getAutonomia" computerName="TPHP3179" duration="00:00:00.0596017" startTime="2019-03-19T15:38:12.7658732-03:00" endTime="2019-03-19T15:38:13.1199086-03:00" testType="13cdc9d9-ddb5-4fa4-a97d-d965ccfc6d4b" outcome="Failed" testListId="8c84fa94-04c1-424b-9868-57a2d4851a1d" relativeResultsDirectory="68441d2a-645a-4cb6-853c-5f72843782de">
      <Output>
        <ErrorInfo>
          <Message>Assert.IsTrue failed. </Message>
          <StackTrace>   en TestProject1.carTest.getAutonomia() en c:\users\chantadam\documents\visual studio 2010\Projects\curso.net\TestProject1\carTest.cs:línea 17
</StackTrace>
        </ErrorInfo>
      </Output>
    </UnitTestResult>
    <UnitTestResult executionId="7d0e0ad1-8450-4f06-9c9f-58790717379a" testId="ba4dab6f-0296-5a1b-03e3-8ae5426fd076" testName="testMotorCreation" computerName="TPHP3179" duration="00:00:00.0002415" startTime="2019-03-19T15:38:13.1229089-03:00" endTime="2019-03-19T15:38:13.1319098-03:00" testType="13cdc9d9-ddb5-4fa4-a97d-d965ccfc6d4b" outcome="Passed" testListId="8c84fa94-04c1-424b-9868-57a2d4851a1d" relativeResultsDirectory="7d0e0ad1-8450-4f06-9c9f-58790717379a">
    </UnitTestResult>
  </Results>
</TestRun>