<?xml version="1.0" encoding="UTF-8"?>
<TestRun id="0ab47d56-59c8-4946-a8ae-dab4f94f4f6a" name="CHANTADAM@TPHP3179 2019-03-19 14:20:18" runUser="TASA\CHANTADAM" xmlns="http://microsoft.com/schemas/VisualStudio/TeamTest/2010">
  <TestSettings name="Local" id="3b4d004d-75d2-4421-8fbb-eaeeedd0c141">
    <Description>These are default test settings for a local test run.</Description>
    <Deployment enabled="false" runDeploymentRoot="CHANTADAM_TPHP3179 2019-03-19 14_20_18">
      <DeploymentItem filename="c:\users\chantadam\documents\visual studio 2010\Projects\curso.net\curso.net\bin\Debug\curso.net.exe" />
    </Deployment>
    <Execution>
      <TestTypeSpecific />
      <AgentRule name="Execution Agents">
      </AgentRule>
    </Execution>
  </TestSettings>
  <Times creation="2019-03-19T14:20:18.5039641-03:00" queuing="2019-03-19T14:20:20.6709641-03:00" start="2019-03-19T14:20:21.0109641-03:00" finish="2019-03-19T14:20:22.0029641-03:00" />
  <ResultSummary outcome="Inconclusive">
    <Counters total="1" executed="1" error="0" failed="0" timeout="0" aborted="0" inconclusive="1" passedButRunAborted="0" notRunnable="0" notExecuted="0" disconnected="0" warning="0" passed="0" completed="0" inProgress="0" pending="0" />
  </ResultSummary>
  <TestDefinitions>
    <UnitTest name="AutoConstructorTest" storage="c:\users\chantadam\documents\visual studio 2010\projects\curso.net\testproject1\bin\debug\testproject1.dll" id="5fdb3982-6605-f624-9de5-faefde7df7b4">
      <Execution id="677b5fb9-be03-4599-ad93-ebfa9a0cc7d9" />
      <TestMethod codeBase="c:/users/chantadam/documents/visual studio 2010/Projects/curso.net/TestProject1/bin/Debug/TestProject1.DLL" adapterTypeName="Microsoft.VisualStudio.TestTools.TestTypes.Unit.UnitTestAdapter, Microsoft.VisualStudio.QualityTools.Tips.UnitTest.Adapter, Version=10.0.0.0, Culture=neutral, PublicKeyToken=b03f5f7f11d50a3a" className="TestProject1.AutoTest, TestProject1, Version=1.0.0.0, Culture=neutral, PublicKeyToken=null" name="AutoConstructorTest" />
    </UnitTest>
  </TestDefinitions>
  <TestLists>
    <TestList name="Results Not in a List" id="8c84fa94-04c1-424b-9868-57a2d4851a1d" />
    <TestList name="All Loaded Results" id="19431567-8539-422a-85d7-44ee4e166bda" />
  </TestLists>
  <TestEntries>
    <TestEntry testId="5fdb3982-6605-f624-9de5-faefde7df7b4" executionId="677b5fb9-be03-4599-ad93-ebfa9a0cc7d9" testListId="8c84fa94-04c1-424b-9868-57a2d4851a1d" />
  </TestEntries>
  <Results>
    <UnitTestResult executionId="677b5fb9-be03-4599-ad93-ebfa9a0cc7d9" testId="5fdb3982-6605-f624-9de5-faefde7df7b4" testName="AutoConstructorTest" computerName="TPHP3179" duration="00:00:00.2360892" startTime="2019-03-19T14:20:21.1539641-03:00" endTime="2019-03-19T14:20:21.8639641-03:00" testType="13cdc9d9-ddb5-4fa4-a97d-d965ccfc6d4b" outcome="Inconclusive" testListId="8c84fa94-04c1-424b-9868-57a2d4851a1d" relativeResultsDirectory="677b5fb9-be03-4599-ad93-ebfa9a0cc7d9">
      <Output>
        <ErrorInfo>
          <Message>Assert.Inconclusive failed. TODO: Implement code to verify target</Message>
          <StackTrace>   en TestProject1.AutoTest.AutoConstructorTest() en c:\users\chantadam\documents\visual studio 2010\Projects\curso.net\TestProject1\AutoTest.cs:línea 74
</StackTrace>
        </ErrorInfo>
      </Output>
    </UnitTestResult>
  </Results>
</TestRun>